\BOOKMARK [0][-]{chapter.1}{\376\377\0001\000\040\000P\000r\000o\000j\000e\000c\000t\000\040\000D\000e\000t\000a\000i\000l}{}% 1
\BOOKMARK [1][-]{section.1.1}{\376\377\0001\000.\0001\000\040\000C\000o\000m\000p\000i\000l\000a\000t\000i\000o\000n\000\040\000:}{chapter.1}% 2
\BOOKMARK [1][-]{section.1.2}{\376\377\0001\000.\0002\000\040\000C\000o\000d\000i\000n\000g\000\040\000S\000t\000y\000l\000e\000\040\000:}{chapter.1}% 3
\BOOKMARK [1][-]{section.1.3}{\376\377\0001\000.\0003\000\040\000D\000o\000c\000u\000m\000e\000n\000t\000a\000t\000i\000o\000n\000\040\000:}{chapter.1}% 4
\BOOKMARK [2][-]{subsection.1.3.1}{\376\377\0001\000.\0003\000.\0001\000\040\000D\000o\000c\000u\000s\000o\000r\000u\000s\000\040\000:}{section.1.3}% 5
\BOOKMARK [2][-]{subsection.1.3.2}{\376\377\0001\000.\0003\000.\0002\000\040\000D\000o\000x\000y\000g\000e\000n\000\040\000:}{section.1.3}% 6
\BOOKMARK [1][-]{section.1.4}{\376\377\0001\000.\0004\000\040\000C\000o\000m\000m\000i\000t\000\040\000n\000o\000r\000m\000\040\000:}{chapter.1}% 7
\BOOKMARK [2][-]{subsection.1.4.1}{\376\377\0001\000.\0004\000.\0001\000\040\000P\000u\000l\000l\000\040\000R\000e\000q\000u\000e\000s\000t}{section.1.4}% 8
\BOOKMARK [1][-]{section.1.5}{\376\377\0001\000.\0005\000\040\000G\000i\000t\000-\000C\000l\000i\000\040\000:}{chapter.1}% 9
\BOOKMARK [0][-]{chapter.2}{\376\377\0002\000\040\000H\000i\000e\000r\000a\000r\000c\000h\000i\000c\000a\000l\000\040\000I\000n\000d\000e\000x}{}% 10
\BOOKMARK [1][-]{section.2.1}{\376\377\0002\000.\0001\000\040\000C\000l\000a\000s\000s\000\040\000H\000i\000e\000r\000a\000r\000c\000h\000y}{chapter.2}% 11
\BOOKMARK [0][-]{chapter.3}{\376\377\0003\000\040\000C\000l\000a\000s\000s\000\040\000I\000n\000d\000e\000x}{}% 12
\BOOKMARK [1][-]{section.3.1}{\376\377\0003\000.\0001\000\040\000C\000l\000a\000s\000s\000\040\000L\000i\000s\000t}{chapter.3}% 13
\BOOKMARK [0][-]{chapter.4}{\376\377\0004\000\040\000F\000i\000l\000e\000\040\000I\000n\000d\000e\000x}{}% 14
\BOOKMARK [1][-]{section.4.1}{\376\377\0004\000.\0001\000\040\000F\000i\000l\000e\000\040\000L\000i\000s\000t}{chapter.4}% 15
\BOOKMARK [0][-]{chapter.5}{\376\377\0005\000\040\000C\000l\000a\000s\000s\000\040\000D\000o\000c\000u\000m\000e\000n\000t\000a\000t\000i\000o\000n}{}% 16
\BOOKMARK [1][-]{section.5.1}{\376\377\0005\000.\0001\000\040\000A\000E\000x\000c\000e\000p\000t\000i\000o\000n\000\040\000C\000l\000a\000s\000s\000\040\000R\000e\000f\000e\000r\000e\000n\000c\000e}{chapter.5}% 17
\BOOKMARK [2][-]{subsection.5.1.1}{\376\377\0005\000.\0001\000.\0001\000\040\000M\000e\000m\000b\000e\000r\000\040\000F\000u\000n\000c\000t\000i\000o\000n\000\040\000D\000o\000c\000u\000m\000e\000n\000t\000a\000t\000i\000o\000n}{section.5.1}% 18
\BOOKMARK [3][-]{subsubsection.5.1.1.1}{\376\377\0005\000.\0001\000.\0001\000.\0001\000\040\000g\000e\000t\000F\000o\000r\000m\000a\000t\000t\000e\000d\000M\000e\000s\000s\000a\000g\000e\000\050\000\051}{subsection.5.1.1}% 19
\BOOKMARK [3][-]{subsubsection.5.1.1.2}{\376\377\0005\000.\0001\000.\0001\000.\0002\000\040\000g\000e\000t\000M\000e\000s\000s\000a\000g\000e\000\050\000\051}{subsection.5.1.1}% 20
\BOOKMARK [3][-]{subsubsection.5.1.1.3}{\376\377\0005\000.\0001\000.\0001\000.\0003\000\040\000g\000e\000t\000T\000y\000p\000e\000\050\000\051}{subsection.5.1.1}% 21
\BOOKMARK [3][-]{subsubsection.5.1.1.4}{\376\377\0005\000.\0001\000.\0001\000.\0004\000\040\000w\000h\000a\000t\000\050\000\051}{subsection.5.1.1}% 22
\BOOKMARK [1][-]{section.5.2}{\376\377\0005\000.\0002\000\040\000A\000P\000r\000i\000m\000i\000t\000i\000v\000e\000s\000\040\000C\000l\000a\000s\000s\000\040\000R\000e\000f\000e\000r\000e\000n\000c\000e}{chapter.5}% 23
\BOOKMARK [2][-]{subsection.5.2.1}{\376\377\0005\000.\0002\000.\0001\000\040\000M\000e\000m\000b\000e\000r\000\040\000F\000u\000n\000c\000t\000i\000o\000n\000\040\000D\000o\000c\000u\000m\000e\000n\000t\000a\000t\000i\000o\000n}{section.5.2}% 24
\BOOKMARK [3][-]{subsubsection.5.2.1.1}{\376\377\0005\000.\0002\000.\0001\000.\0001\000\040\000d\000i\000s\000t\000a\000n\000c\000e\000\050\000\051}{subsection.5.2.1}% 25
\BOOKMARK [3][-]{subsubsection.5.2.1.2}{\376\377\0005\000.\0002\000.\0001\000.\0002\000\040\000g\000e\000t\000M\000a\000t\000e\000r\000i\000a\000l\000\050\000\051}{subsection.5.2.1}% 26
\BOOKMARK [3][-]{subsubsection.5.2.1.3}{\376\377\0005\000.\0002\000.\0001\000.\0003\000\040\000g\000e\000t\000P\000o\000s\000i\000t\000i\000o\000n\000\050\000\051}{subsection.5.2.1}% 27
\BOOKMARK [3][-]{subsubsection.5.2.1.4}{\376\377\0005\000.\0002\000.\0001\000.\0004\000\040\000g\000e\000t\000R\000o\000t\000a\000t\000i\000o\000n\000\050\000\051}{subsection.5.2.1}% 28
\BOOKMARK [3][-]{subsubsection.5.2.1.5}{\376\377\0005\000.\0002\000.\0001\000.\0005\000\040\000g\000e\000t\000S\000c\000a\000l\000e\000\050\000\051}{subsection.5.2.1}% 29
\BOOKMARK [3][-]{subsubsection.5.2.1.6}{\376\377\0005\000.\0002\000.\0001\000.\0006\000\040\000g\000e\000t\000T\000y\000p\000e\000\050\000\051}{subsection.5.2.1}% 30
\BOOKMARK [3][-]{subsubsection.5.2.1.7}{\376\377\0005\000.\0002\000.\0001\000.\0007\000\040\000s\000e\000t\000M\000a\000t\000e\000r\000i\000a\000l\000\050\000\051}{subsection.5.2.1}% 31
\BOOKMARK [3][-]{subsubsection.5.2.1.8}{\376\377\0005\000.\0002\000.\0001\000.\0008\000\040\000s\000e\000t\000P\000o\000s\000i\000t\000i\000o\000n\000\050\000\051}{subsection.5.2.1}% 32
\BOOKMARK [3][-]{subsubsection.5.2.1.9}{\376\377\0005\000.\0002\000.\0001\000.\0009\000\040\000s\000e\000t\000R\000o\000t\000a\000t\000i\000o\000n\000\050\000\051}{subsection.5.2.1}% 33
\BOOKMARK [3][-]{subsubsection.5.2.1.10}{\376\377\0005\000.\0002\000.\0001\000.\0001\0000\000\040\000s\000e\000t\000S\000c\000a\000l\000e\000\050\000\051}{subsection.5.2.1}% 34
\BOOKMARK [1][-]{section.5.3}{\376\377\0005\000.\0003\000\040\000C\000a\000m\000e\000r\000a\000\040\000C\000l\000a\000s\000s\000\040\000R\000e\000f\000e\000r\000e\000n\000c\000e}{chapter.5}% 35
\BOOKMARK [1][-]{section.5.4}{\376\377\0005\000.\0004\000\040\000C\000a\000m\000e\000r\000a\000F\000a\000c\000t\000o\000r\000y\000\040\000C\000l\000a\000s\000s\000\040\000R\000e\000f\000e\000r\000e\000n\000c\000e}{chapter.5}% 36
\BOOKMARK [2][-]{subsection.5.4.1}{\376\377\0005\000.\0004\000.\0001\000\040\000M\000e\000m\000b\000e\000r\000\040\000F\000u\000n\000c\000t\000i\000o\000n\000\040\000D\000o\000c\000u\000m\000e\000n\000t\000a\000t\000i\000o\000n}{section.5.4}% 37
\BOOKMARK [3][-]{subsubsection.5.4.1.1}{\376\377\0005\000.\0004\000.\0001\000.\0001\000\040\000c\000r\000e\000a\000t\000e\000\050\000\051}{subsection.5.4.1}% 38
\BOOKMARK [3][-]{subsubsection.5.4.1.2}{\376\377\0005\000.\0004\000.\0001\000.\0002\000\040\000l\000o\000a\000d\000P\000l\000u\000g\000i\000n\000\050\000\051}{subsection.5.4.1}% 39
\BOOKMARK [3][-]{subsubsection.5.4.1.3}{\376\377\0005\000.\0004\000.\0001\000.\0003\000\040\000r\000e\000g\000i\000s\000t\000e\000r\000C\000r\000e\000a\000t\000o\000r\000\050\000\051}{subsection.5.4.1}% 40
\BOOKMARK [1][-]{section.5.5}{\376\377\0005\000.\0005\000\040\000C\000o\000l\000o\000r\000\040\000C\000l\000a\000s\000s\000\040\000R\000e\000f\000e\000r\000e\000n\000c\000e}{chapter.5}% 41
\BOOKMARK [1][-]{section.5.6}{\376\377\0005\000.\0006\000\040\000C\000o\000l\000o\000r\000E\000x\000c\000e\000p\000t\000i\000o\000n\000\040\000C\000l\000a\000s\000s\000\040\000R\000e\000f\000e\000r\000e\000n\000c\000e}{chapter.5}% 42
\BOOKMARK [1][-]{section.5.7}{\376\377\0005\000.\0007\000\040\000C\000o\000m\000m\000a\000n\000d\000E\000x\000c\000e\000p\000t\000i\000o\000n\000\040\000C\000l\000a\000s\000s\000\040\000R\000e\000f\000e\000r\000e\000n\000c\000e}{chapter.5}% 43
\BOOKMARK [1][-]{section.5.8}{\376\377\0005\000.\0008\000\040\000C\000o\000n\000e\000\040\000C\000l\000a\000s\000s\000\040\000R\000e\000f\000e\000r\000e\000n\000c\000e}{chapter.5}% 44
\BOOKMARK [2][-]{subsection.5.8.1}{\376\377\0005\000.\0008\000.\0001\000\040\000M\000e\000m\000b\000e\000r\000\040\000F\000u\000n\000c\000t\000i\000o\000n\000\040\000D\000o\000c\000u\000m\000e\000n\000t\000a\000t\000i\000o\000n}{section.5.8}% 45
\BOOKMARK [3][-]{subsubsection.5.8.1.1}{\376\377\0005\000.\0008\000.\0001\000.\0001\000\040\000d\000i\000s\000t\000a\000n\000c\000e\000\050\000\051}{subsection.5.8.1}% 46
\BOOKMARK [3][-]{subsubsection.5.8.1.2}{\376\377\0005\000.\0008\000.\0001\000.\0002\000\040\000g\000e\000t\000T\000y\000p\000e\000\050\000\051}{subsection.5.8.1}% 47
\BOOKMARK [1][-]{section.5.9}{\376\377\0005\000.\0009\000\040\000C\000o\000n\000f\000i\000g\000N\000o\000d\000e\000\040\000C\000l\000a\000s\000s\000\040\000R\000e\000f\000e\000r\000e\000n\000c\000e}{chapter.5}% 48
\BOOKMARK [1][-]{section.5.10}{\376\377\0005\000.\0001\0000\000\040\000C\000o\000n\000f\000i\000g\000P\000a\000r\000s\000e\000r\000\040\000C\000l\000a\000s\000s\000\040\000R\000e\000f\000e\000r\000e\000n\000c\000e}{chapter.5}% 49
\BOOKMARK [1][-]{section.5.11}{\376\377\0005\000.\0001\0001\000\040\000C\000y\000l\000i\000n\000d\000e\000r\000\040\000C\000l\000a\000s\000s\000\040\000R\000e\000f\000e\000r\000e\000n\000c\000e}{chapter.5}% 50
\BOOKMARK [2][-]{subsection.5.11.1}{\376\377\0005\000.\0001\0001\000.\0001\000\040\000M\000e\000m\000b\000e\000r\000\040\000F\000u\000n\000c\000t\000i\000o\000n\000\040\000D\000o\000c\000u\000m\000e\000n\000t\000a\000t\000i\000o\000n}{section.5.11}% 51
\BOOKMARK [3][-]{subsubsection.5.11.1.1}{\376\377\0005\000.\0001\0001\000.\0001\000.\0001\000\040\000d\000i\000s\000t\000a\000n\000c\000e\000\050\000\051}{subsection.5.11.1}% 52
\BOOKMARK [3][-]{subsubsection.5.11.1.2}{\376\377\0005\000.\0001\0001\000.\0001\000.\0002\000\040\000g\000e\000t\000T\000y\000p\000e\000\050\000\051}{subsection.5.11.1}% 53
\BOOKMARK [1][-]{section.5.12}{\376\377\0005\000.\0001\0002\000\040\000D\000L\000L\000o\000a\000d\000e\000r\000<\000\040\000T\000\040\000>\000\040\000C\000l\000a\000s\000s\000\040\000T\000e\000m\000p\000l\000a\000t\000e\000\040\000R\000e\000f\000e\000r\000e\000n\000c\000e}{chapter.5}% 54
\BOOKMARK [2][-]{subsection.5.12.1}{\376\377\0005\000.\0001\0002\000.\0001\000\040\000M\000e\000m\000b\000e\000r\000\040\000F\000u\000n\000c\000t\000i\000o\000n\000\040\000D\000o\000c\000u\000m\000e\000n\000t\000a\000t\000i\000o\000n}{section.5.12}% 55
\BOOKMARK [3][-]{subsubsection.5.12.1.1}{\376\377\0005\000.\0001\0002\000.\0001\000.\0001\000\040\000C\000l\000o\000s\000e\000\050\000\051}{subsection.5.12.1}% 56
\BOOKMARK [3][-]{subsubsection.5.12.1.2}{\376\377\0005\000.\0001\0002\000.\0001\000.\0002\000\040\000E\000r\000r\000o\000r\000\050\000\051}{subsection.5.12.1}% 57
\BOOKMARK [3][-]{subsubsection.5.12.1.3}{\376\377\0005\000.\0001\0002\000.\0001\000.\0003\000\040\000g\000e\000t\000H\000a\000n\000d\000l\000e\000r\000\050\000\051}{subsection.5.12.1}% 58
\BOOKMARK [3][-]{subsubsection.5.12.1.4}{\376\377\0005\000.\0001\0002\000.\0001\000.\0004\000\040\000O\000p\000e\000n\000\050\000\051}{subsection.5.12.1}% 59
\BOOKMARK [3][-]{subsubsection.5.12.1.5}{\376\377\0005\000.\0001\0002\000.\0001\000.\0005\000\040\000S\000y\000m\000b\000o\000l\000\050\000\051}{subsection.5.12.1}% 60
\BOOKMARK [1][-]{section.5.13}{\376\377\0005\000.\0001\0003\000\040\000E\000r\000r\000o\000r\000\040\000C\000l\000a\000s\000s\000\040\000R\000e\000f\000e\000r\000e\000n\000c\000e}{chapter.5}% 61
\BOOKMARK [1][-]{section.5.14}{\376\377\0005\000.\0001\0004\000\040\000F\000a\000c\000t\000o\000r\000y\000E\000x\000c\000e\000p\000t\000i\000o\000n\000\040\000C\000l\000a\000s\000s\000\040\000R\000e\000f\000e\000r\000e\000n\000c\000e}{chapter.5}% 62
\BOOKMARK [1][-]{section.5.15}{\376\377\0005\000.\0001\0005\000\040\000F\000a\000c\000t\000o\000r\000y\000M\000a\000n\000a\000g\000e\000r\000\040\000C\000l\000a\000s\000s\000\040\000R\000e\000f\000e\000r\000e\000n\000c\000e}{chapter.5}% 63
\BOOKMARK [1][-]{section.5.16}{\376\377\0005\000.\0001\0006\000\040\000F\000i\000l\000e\000E\000x\000c\000e\000p\000t\000i\000o\000n\000\040\000C\000l\000a\000s\000s\000\040\000R\000e\000f\000e\000r\000e\000n\000c\000e}{chapter.5}% 64
\BOOKMARK [1][-]{section.5.17}{\376\377\0005\000.\0001\0007\000\040\000G\000r\000a\000p\000h\000i\000c\000M\000o\000d\000e\000\040\000C\000l\000a\000s\000s\000\040\000R\000e\000f\000e\000r\000e\000n\000c\000e}{chapter.5}% 65
\BOOKMARK [1][-]{section.5.18}{\376\377\0005\000.\0001\0008\000\040\000I\000E\000x\000c\000e\000p\000t\000i\000o\000n\000\040\000C\000l\000a\000s\000s\000\040\000R\000e\000f\000e\000r\000e\000n\000c\000e}{chapter.5}% 66
\BOOKMARK [1][-]{section.5.19}{\376\377\0005\000.\0001\0009\000\040\000I\000F\000a\000c\000t\000o\000r\000y\000<\000\040\000T\000\040\000>\000\040\000C\000l\000a\000s\000s\000\040\000T\000e\000m\000p\000l\000a\000t\000e\000\040\000R\000e\000f\000e\000r\000e\000n\000c\000e}{chapter.5}% 67
\BOOKMARK [1][-]{section.5.20}{\376\377\0005\000.\0002\0000\000\040\000I\000L\000o\000a\000d\000e\000r\000\040\000C\000l\000a\000s\000s\000\040\000R\000e\000f\000e\000r\000e\000n\000c\000e}{chapter.5}% 68
\BOOKMARK [1][-]{section.5.21}{\376\377\0005\000.\0002\0001\000\040\000I\000m\000a\000g\000e\000\040\000C\000l\000a\000s\000s\000\040\000R\000e\000f\000e\000r\000e\000n\000c\000e}{chapter.5}% 69
\BOOKMARK [1][-]{section.5.22}{\376\377\0005\000.\0002\0002\000\040\000I\000n\000f\000o\000P\000i\000x\000e\000l\000D\000i\000s\000p\000l\000a\000y\000\040\000S\000t\000r\000u\000c\000t\000\040\000R\000e\000f\000e\000r\000e\000n\000c\000e}{chapter.5}% 70
\BOOKMARK [1][-]{section.5.23}{\376\377\0005\000.\0002\0003\000\040\000I\000P\000r\000i\000m\000i\000t\000i\000v\000e\000s\000\040\000C\000l\000a\000s\000s\000\040\000R\000e\000f\000e\000r\000e\000n\000c\000e}{chapter.5}% 71
\BOOKMARK [1][-]{section.5.24}{\376\377\0005\000.\0002\0004\000\040\000M\000a\000t\000e\000r\000i\000a\000l\000\040\000S\000t\000r\000u\000c\000t\000\040\000R\000e\000f\000e\000r\000e\000n\000c\000e}{chapter.5}% 72
\BOOKMARK [1][-]{section.5.25}{\376\377\0005\000.\0002\0005\000\040\000M\000a\000t\000e\000r\000i\000a\000l\000L\000o\000a\000d\000e\000r\000\040\000C\000l\000a\000s\000s\000\040\000R\000e\000f\000e\000r\000e\000n\000c\000e}{chapter.5}% 73
\BOOKMARK [1][-]{section.5.26}{\376\377\0005\000.\0002\0006\000\040\000M\000a\000t\000e\000r\000i\000a\000l\000L\000o\000a\000d\000e\000r\000E\000x\000c\000e\000p\000t\000i\000o\000n\000\040\000C\000l\000a\000s\000s\000\040\000R\000e\000f\000e\000r\000e\000n\000c\000e}{chapter.5}% 74
\BOOKMARK [1][-]{section.5.27}{\376\377\0005\000.\0002\0007\000\040\000M\000a\000t\000h\000E\000x\000e\000p\000t\000i\000o\000n\000\040\000C\000l\000a\000s\000s\000\040\000R\000e\000f\000e\000r\000e\000n\000c\000e}{chapter.5}% 75
\BOOKMARK [1][-]{section.5.28}{\376\377\0005\000.\0002\0008\000\040\000O\000b\000j\000e\000c\000t\000C\000o\000n\000s\000t\000r\000u\000c\000t\000o\000r\000\040\000C\000l\000a\000s\000s\000\040\000R\000e\000f\000e\000r\000e\000n\000c\000e}{chapter.5}% 76
\BOOKMARK [1][-]{section.5.29}{\376\377\0005\000.\0002\0009\000\040\000O\000b\000j\000e\000c\000t\000E\000r\000r\000o\000r\000H\000a\000n\000d\000l\000i\000n\000g\000\040\000C\000l\000a\000s\000s\000\040\000R\000e\000f\000e\000r\000e\000n\000c\000e}{chapter.5}% 77
\BOOKMARK [1][-]{section.5.30}{\376\377\0005\000.\0003\0000\000\040\000P\000a\000r\000s\000e\000r\000\040\000C\000l\000a\000s\000s\000\040\000R\000e\000f\000e\000r\000e\000n\000c\000e}{chapter.5}% 78
\BOOKMARK [1][-]{section.5.31}{\376\377\0005\000.\0003\0001\000\040\000P\000i\000x\000e\000l\000I\000n\000f\000o\000\040\000S\000t\000r\000u\000c\000t\000\040\000R\000e\000f\000e\000r\000e\000n\000c\000e}{chapter.5}% 79
\BOOKMARK [1][-]{section.5.32}{\376\377\0005\000.\0003\0002\000\040\000P\000l\000a\000n\000e\000\040\000C\000l\000a\000s\000s\000\040\000R\000e\000f\000e\000r\000e\000n\000c\000e}{chapter.5}% 80
\BOOKMARK [2][-]{subsection.5.32.1}{\376\377\0005\000.\0003\0002\000.\0001\000\040\000M\000e\000m\000b\000e\000r\000\040\000F\000u\000n\000c\000t\000i\000o\000n\000\040\000D\000o\000c\000u\000m\000e\000n\000t\000a\000t\000i\000o\000n}{section.5.32}% 81
\BOOKMARK [3][-]{subsubsection.5.32.1.1}{\376\377\0005\000.\0003\0002\000.\0001\000.\0001\000\040\000d\000i\000s\000t\000a\000n\000c\000e\000\050\000\051}{subsection.5.32.1}% 82
\BOOKMARK [3][-]{subsubsection.5.32.1.2}{\376\377\0005\000.\0003\0002\000.\0001\000.\0002\000\040\000g\000e\000t\000T\000y\000p\000e\000\050\000\051}{subsection.5.32.1}% 83
\BOOKMARK [1][-]{section.5.33}{\376\377\0005\000.\0003\0003\000\040\000M\000a\000t\000h\000:\000:\000P\000o\000i\000n\000t\0003\000D\000\040\000C\000l\000a\000s\000s\000\040\000R\000e\000f\000e\000r\000e\000n\000c\000e}{chapter.5}% 84
\BOOKMARK [1][-]{section.5.34}{\376\377\0005\000.\0003\0004\000\040\000P\000r\000i\000m\000i\000t\000i\000v\000e\000F\000a\000c\000t\000o\000r\000y\000\040\000C\000l\000a\000s\000s\000\040\000R\000e\000f\000e\000r\000e\000n\000c\000e}{chapter.5}% 85
\BOOKMARK [2][-]{subsection.5.34.1}{\376\377\0005\000.\0003\0004\000.\0001\000\040\000M\000e\000m\000b\000e\000r\000\040\000F\000u\000n\000c\000t\000i\000o\000n\000\040\000D\000o\000c\000u\000m\000e\000n\000t\000a\000t\000i\000o\000n}{section.5.34}% 86
\BOOKMARK [3][-]{subsubsection.5.34.1.1}{\376\377\0005\000.\0003\0004\000.\0001\000.\0001\000\040\000c\000r\000e\000a\000t\000e\000\050\000\051}{subsection.5.34.1}% 87
\BOOKMARK [3][-]{subsubsection.5.34.1.2}{\376\377\0005\000.\0003\0004\000.\0001\000.\0002\000\040\000l\000o\000a\000d\000P\000l\000u\000g\000i\000n\000\050\000\051}{subsection.5.34.1}% 88
\BOOKMARK [3][-]{subsubsection.5.34.1.3}{\376\377\0005\000.\0003\0004\000.\0001\000.\0003\000\040\000r\000e\000g\000i\000s\000t\000e\000r\000C\000r\000e\000a\000t\000o\000r\000\050\000\051}{subsection.5.34.1}% 89
\BOOKMARK [1][-]{section.5.35}{\376\377\0005\000.\0003\0005\000\040\000P\000r\000o\000p\000e\000r\000t\000y\000C\000o\000n\000f\000i\000g\000\040\000S\000t\000r\000u\000c\000t\000\040\000R\000e\000f\000e\000r\000e\000n\000c\000e}{chapter.5}% 90
\BOOKMARK [1][-]{section.5.36}{\376\377\0005\000.\0003\0006\000\040\000P\000r\000o\000p\000e\000r\000t\000y\000I\000n\000f\000o\000\040\000S\000t\000r\000u\000c\000t\000\040\000R\000e\000f\000e\000r\000e\000n\000c\000e}{chapter.5}% 91
\BOOKMARK [1][-]{section.5.37}{\376\377\0005\000.\0003\0007\000\040\000R\000a\000y\000\040\000C\000l\000a\000s\000s\000\040\000R\000e\000f\000e\000r\000e\000n\000c\000e}{chapter.5}% 92
\BOOKMARK [1][-]{section.5.38}{\376\377\0005\000.\0003\0008\000\040\000R\000a\000y\000t\000r\000a\000c\000e\000r\000\040\000C\000l\000a\000s\000s\000\040\000R\000e\000f\000e\000r\000e\000n\000c\000e}{chapter.5}% 93
\BOOKMARK [1][-]{section.5.39}{\376\377\0005\000.\0003\0009\000\040\000R\000e\000c\000t\000a\000n\000g\000l\000e\0003\000D\000\040\000C\000l\000a\000s\000s\000\040\000R\000e\000f\000e\000r\000e\000n\000c\000e}{chapter.5}% 94
\BOOKMARK [1][-]{section.5.40}{\376\377\0005\000.\0004\0000\000\040\000M\000a\000t\000h\000:\000:\000R\000o\000t\0003\000D\000\040\000C\000l\000a\000s\000s\000\040\000R\000e\000f\000e\000r\000e\000n\000c\000e}{chapter.5}% 95
\BOOKMARK [1][-]{section.5.41}{\376\377\0005\000.\0004\0001\000\040\000S\000c\000e\000n\000e\000\040\000C\000l\000a\000s\000s\000\040\000R\000e\000f\000e\000r\000e\000n\000c\000e}{chapter.5}% 96
\BOOKMARK [1][-]{section.5.42}{\376\377\0005\000.\0004\0002\000\040\000S\000c\000e\000n\000e\000E\000x\000c\000e\000p\000t\000i\000o\000n\000\040\000C\000l\000a\000s\000s\000\040\000R\000e\000f\000e\000r\000e\000n\000c\000e}{chapter.5}% 97
\BOOKMARK [1][-]{section.5.43}{\376\377\0005\000.\0004\0003\000\040\000S\000h\000a\000p\000e\000D\000e\000f\000i\000n\000i\000t\000i\000o\000n\000\040\000S\000t\000r\000u\000c\000t\000\040\000R\000e\000f\000e\000r\000e\000n\000c\000e}{chapter.5}% 98
\BOOKMARK [1][-]{section.5.44}{\376\377\0005\000.\0004\0004\000\040\000S\000p\000h\000e\000r\000e\000\040\000C\000l\000a\000s\000s\000\040\000R\000e\000f\000e\000r\000e\000n\000c\000e}{chapter.5}% 99
\BOOKMARK [2][-]{subsection.5.44.1}{\376\377\0005\000.\0004\0004\000.\0001\000\040\000M\000e\000m\000b\000e\000r\000\040\000F\000u\000n\000c\000t\000i\000o\000n\000\040\000D\000o\000c\000u\000m\000e\000n\000t\000a\000t\000i\000o\000n}{section.5.44}% 100
\BOOKMARK [3][-]{subsubsection.5.44.1.1}{\376\377\0005\000.\0004\0004\000.\0001\000.\0001\000\040\000d\000i\000s\000t\000a\000n\000c\000e\000\050\000\051}{subsection.5.44.1}% 101
\BOOKMARK [3][-]{subsubsection.5.44.1.2}{\376\377\0005\000.\0004\0004\000.\0001\000.\0002\000\040\000g\000e\000t\000T\000y\000p\000e\000\050\000\051}{subsection.5.44.1}% 102
\BOOKMARK [1][-]{section.5.45}{\376\377\0005\000.\0004\0005\000\040\000U\000t\000i\000l\000s\000\040\000C\000l\000a\000s\000s\000\040\000R\000e\000f\000e\000r\000e\000n\000c\000e}{chapter.5}% 103
\BOOKMARK [1][-]{section.5.46}{\376\377\0005\000.\0004\0006\000\040\000V\000a\000l\000u\000e\000C\000o\000n\000v\000e\000r\000t\000e\000r\000\040\000C\000l\000a\000s\000s\000\040\000R\000e\000f\000e\000r\000e\000n\000c\000e}{chapter.5}% 104
\BOOKMARK [1][-]{section.5.47}{\376\377\0005\000.\0004\0007\000\040\000V\000e\000c\000t\000o\000r\0002\000D\000\040\000C\000l\000a\000s\000s\000\040\000R\000e\000f\000e\000r\000e\000n\000c\000e}{chapter.5}% 105
\BOOKMARK [0][-]{chapter.6}{\376\377\0006\000\040\000F\000i\000l\000e\000\040\000D\000o\000c\000u\000m\000e\000n\000t\000a\000t\000i\000o\000n}{}% 106
\BOOKMARK [1][-]{section.6.1}{\376\377\0006\000.\0001\000\040\000A\000P\000r\000i\000m\000i\000t\000i\000v\000e\000s\000.\000h\000p\000p}{chapter.6}% 107
\BOOKMARK [1][-]{section.6.2}{\376\377\0006\000.\0002\000\040\000C\000a\000m\000e\000r\000a\000.\000h\000p\000p}{chapter.6}% 108
\BOOKMARK [1][-]{section.6.3}{\376\377\0006\000.\0003\000\040\000C\000o\000l\000o\000r\000.\000h\000p\000p}{chapter.6}% 109
\BOOKMARK [1][-]{section.6.4}{\376\377\0006\000.\0004\000\040\000E\000r\000r\000o\000r\000.\000h\000p\000p}{chapter.6}% 110
\BOOKMARK [1][-]{section.6.5}{\376\377\0006\000.\0005\000\040\000A\000E\000x\000c\000e\000p\000t\000i\000o\000n\000.\000h\000p\000p}{chapter.6}% 111
\BOOKMARK [1][-]{section.6.6}{\376\377\0006\000.\0006\000\040\000C\000o\000l\000o\000r\000E\000x\000c\000e\000p\000t\000i\000o\000n\000.\000h\000p\000p}{chapter.6}% 112
\BOOKMARK [1][-]{section.6.7}{\376\377\0006\000.\0007\000\040\000C\000o\000m\000m\000a\000n\000d\000E\000x\000c\000e\000p\000t\000i\000o\000n\000.\000h\000p\000p}{chapter.6}% 113
\BOOKMARK [1][-]{section.6.8}{\376\377\0006\000.\0008\000\040\000F\000a\000c\000t\000o\000r\000y\000E\000x\000c\000e\000p\000t\000i\000o\000n\000.\000h\000p\000p}{chapter.6}% 114
\BOOKMARK [1][-]{section.6.9}{\376\377\0006\000.\0009\000\040\000F\000i\000l\000e\000E\000x\000c\000e\000p\000t\000i\000o\000n\000.\000h\000p\000p}{chapter.6}% 115
\BOOKMARK [1][-]{section.6.10}{\376\377\0006\000.\0001\0000\000\040\000I\000E\000x\000c\000e\000p\000t\000i\000o\000n\000.\000h\000p\000p}{chapter.6}% 116
\BOOKMARK [1][-]{section.6.11}{\376\377\0006\000.\0001\0001\000\040\000m\000a\000t\000e\000r\000i\000a\000l\000L\000o\000a\000d\000e\000r\000E\000x\000c\000e\000p\000t\000i\000o\000n\000.\000h\000p\000p}{chapter.6}% 117
\BOOKMARK [1][-]{section.6.12}{\376\377\0006\000.\0001\0002\000\040\000M\000a\000t\000h\000E\000x\000e\000p\000t\000i\000o\000n\000.\000h\000p\000p}{chapter.6}% 118
\BOOKMARK [1][-]{section.6.13}{\376\377\0006\000.\0001\0003\000\040\000S\000c\000e\000n\000e\000E\000x\000c\000e\000p\000t\000i\000o\000n\000.\000h\000p\000p}{chapter.6}% 119
\BOOKMARK [1][-]{section.6.14}{\376\377\0006\000.\0001\0004\000\040\000I\000m\000a\000g\000e\000.\000h\000p\000p}{chapter.6}% 120
\BOOKMARK [1][-]{section.6.15}{\376\377\0006\000.\0001\0005\000\040\000I\000P\000r\000i\000m\000i\000t\000i\000v\000e\000s\000.\000h\000p\000p}{chapter.6}% 121
\BOOKMARK [1][-]{section.6.16}{\376\377\0006\000.\0001\0006\000\040\000M\000a\000t\000e\000r\000i\000a\000l\000.\000h\000p\000p}{chapter.6}% 122
\BOOKMARK [1][-]{section.6.17}{\376\377\0006\000.\0001\0007\000\040\000P\000i\000x\000e\000l\000I\000n\000f\000o\000.\000h\000p\000p}{chapter.6}% 123
\BOOKMARK [1][-]{section.6.18}{\376\377\0006\000.\0001\0008\000\040\000P\000o\000i\000n\000t\0003\000D\000.\000h\000p\000p}{chapter.6}% 124
\BOOKMARK [1][-]{section.6.19}{\376\377\0006\000.\0001\0009\000\040\000R\000a\000y\000.\000h\000p\000p}{chapter.6}% 125
\BOOKMARK [1][-]{section.6.20}{\376\377\0006\000.\0002\0000\000\040\000R\000e\000c\000t\000a\000n\000g\000l\000e\0003\000D\000.\000h\000p\000p}{chapter.6}% 126
\BOOKMARK [1][-]{section.6.21}{\376\377\0006\000.\0002\0001\000\040\000R\000o\000t\0003\000D\000.\000h\000p\000p}{chapter.6}% 127
\BOOKMARK [1][-]{section.6.22}{\376\377\0006\000.\0002\0002\000\040\000S\000c\000e\000n\000e\000.\000h\000p\000p}{chapter.6}% 128
\BOOKMARK [1][-]{section.6.23}{\376\377\0006\000.\0002\0003\000\040\000V\000a\000l\000u\000e\000T\000y\000p\000e\000.\000h\000p\000p}{chapter.6}% 129
\BOOKMARK [1][-]{section.6.24}{\376\377\0006\000.\0002\0004\000\040\000V\000e\000c\000t\000o\000r\0002\000D\000.\000h\000p\000p}{chapter.6}% 130
\BOOKMARK [1][-]{section.6.25}{\376\377\0006\000.\0002\0005\000\040\000V\000e\000c\000t\000o\000r\0003\000D\000.\000h\000p\000p}{chapter.6}% 131
\BOOKMARK [1][-]{section.6.26}{\376\377\0006\000.\0002\0006\000\040\000D\000L\000L\000o\000a\000d\000e\000r\000.\000h\000p\000p}{chapter.6}% 132
\BOOKMARK [1][-]{section.6.27}{\376\377\0006\000.\0002\0007\000\040\000I\000L\000o\000a\000d\000e\000r\000.\000h\000p\000p}{chapter.6}% 133
\BOOKMARK [1][-]{section.6.28}{\376\377\0006\000.\0002\0008\000\040\000C\000a\000m\000e\000r\000a\000F\000a\000c\000t\000o\000r\000y\000.\000h\000p\000p}{chapter.6}% 134
\BOOKMARK [1][-]{section.6.29}{\376\377\0006\000.\0002\0009\000\040\000F\000a\000c\000t\000o\000r\000y\000M\000a\000n\000a\000g\000e\000r\000.\000h\000p\000p}{chapter.6}% 135
\BOOKMARK [1][-]{section.6.30}{\376\377\0006\000.\0003\0000\000\040\000I\000F\000a\000c\000t\000o\000r\000y\000.\000h\000p\000p}{chapter.6}% 136
\BOOKMARK [1][-]{section.6.31}{\376\377\0006\000.\0003\0001\000\040\000P\000r\000i\000m\000i\000t\000i\000v\000e\000F\000a\000c\000t\000o\000r\000y\000.\000h\000p\000p}{chapter.6}% 137
\BOOKMARK [1][-]{section.6.32}{\376\377\0006\000.\0003\0002\000\040\000M\000a\000t\000e\000r\000i\000a\000l\000L\000o\000a\000d\000e\000r\000.\000h\000p\000p}{chapter.6}% 138
\BOOKMARK [1][-]{section.6.33}{\376\377\0006\000.\0003\0003\000\040\000C\000o\000n\000f\000i\000g\000N\000o\000d\000e\000.\000h\000p\000p}{chapter.6}% 139
\BOOKMARK [1][-]{section.6.34}{\376\377\0006\000.\0003\0004\000\040\000C\000o\000n\000f\000i\000g\000P\000a\000r\000s\000e\000r\000.\000h\000p\000p}{chapter.6}% 140
\BOOKMARK [1][-]{section.6.35}{\376\377\0006\000.\0003\0005\000\040\000O\000b\000j\000e\000c\000t\000C\000o\000n\000s\000t\000r\000u\000c\000t\000o\000r\000.\000h\000p\000p}{chapter.6}% 141
\BOOKMARK [1][-]{section.6.36}{\376\377\0006\000.\0003\0006\000\040\000O\000b\000j\000e\000c\000t\000E\000r\000r\000o\000r\000H\000a\000n\000d\000l\000i\000n\000g\000.\000h\000p\000p}{chapter.6}% 142
\BOOKMARK [1][-]{section.6.37}{\376\377\0006\000.\0003\0007\000\040\000P\000a\000r\000s\000e\000r\000.\000h\000p\000p}{chapter.6}% 143
\BOOKMARK [1][-]{section.6.38}{\376\377\0006\000.\0003\0008\000\040\000P\000r\000o\000p\000e\000r\000t\000y\000T\000y\000p\000e\000s\000.\000h\000p\000p}{chapter.6}% 144
\BOOKMARK [1][-]{section.6.39}{\376\377\0006\000.\0003\0009\000\040\000V\000a\000l\000u\000e\000C\000o\000n\000v\000e\000r\000t\000e\000r\000.\000h\000p\000p}{chapter.6}% 145
\BOOKMARK [1][-]{section.6.40}{\376\377\0006\000.\0004\0000\000\040\000C\000o\000n\000e\000.\000h\000p\000p}{chapter.6}% 146
\BOOKMARK [1][-]{section.6.41}{\376\377\0006\000.\0004\0001\000\040\000C\000y\000l\000i\000n\000d\000e\000r\000.\000h\000p\000p}{chapter.6}% 147
\BOOKMARK [1][-]{section.6.42}{\376\377\0006\000.\0004\0002\000\040\000P\000l\000a\000n\000e\000.\000h\000p\000p}{chapter.6}% 148
\BOOKMARK [1][-]{section.6.43}{\376\377\0006\000.\0004\0003\000\040\000S\000p\000h\000e\000r\000e\000.\000h\000p\000p}{chapter.6}% 149
\BOOKMARK [1][-]{section.6.44}{\376\377\0006\000.\0004\0004\000\040\000R\000a\000y\000t\000r\000a\000c\000e\000r\000.\000h\000p\000p}{chapter.6}% 150
\BOOKMARK [1][-]{section.6.45}{\376\377\0006\000.\0004\0005\000\040\000G\000r\000a\000p\000h\000i\000c\000M\000o\000d\000e\000.\000h\000p\000p}{chapter.6}% 151
\BOOKMARK [1][-]{section.6.46}{\376\377\0006\000.\0004\0006\000\040\000U\000t\000i\000l\000s\000.\000h\000p\000p}{chapter.6}% 152
